Les 16 labs sont générés. Voici le récapitulatif :

## Labs Packet Tracer — 16/16 fichiers créés

| # | Fichier | Module | Topics | Taille |
|---|---------|--------|--------|--------|
| 1 | `LAB-1-1-cablage-interfaces.md` | 1 - Fundamentals | 1.3, 1.4, 1.6, 1.10 | 19 Ko |
| 2 | `LAB-1-2-adressage-ipv4-ipv6.md` | 1 - Fundamentals | 1.6, 1.7, 1.8, 1.9 | 33 Ko |
| 3 | `LAB-2-1-vlans-trunks.md` | 2 - Network Access | 2.1, 2.2, 2.3 | 27 Ko |
| 4 | `LAB-2-2-etherchannel-lacp.md` | 2 - Network Access | 2.4 | 20 Ko |
| 5 | `LAB-2-3-spanning-tree-rstp.md` | 2 - Network Access | 2.5 | 30 Ko |
| 6 | `LAB-3-1-routes-statiques.md` | 3 - IP Connectivity | 3.1, 3.2, 3.3 | 22 Ko |
| 7 | `LAB-3-2-ospf-base.md` | 3 - IP Connectivity | 3.4 | 23 Ko |
| 8 | `LAB-3-3-ospf-dr-bdr.md` | 3 - IP Connectivity | 3.4 | 23 Ko |
| 9 | `LAB-3-4-intervlan-ospf-combine.md` | 3 - IP Connectivity | 2.1, 2.2, 3.2, 3.4 | 31 Ko |
| 10 | `LAB-4-1-nat-pat.md` | 4 - IP Services | 4.1 | 23 Ko |
| 11 | `LAB-4-2-dhcp-ntp-syslog.md` | 4 - IP Services | 4.2, 4.3, 4.5, 4.6 | 33 Ko |
| 12 | `LAB-5-1-acl-standard-extended.md` | 5 - Security | 5.6 | 27 Ko |
| 13 | `LAB-5-2-port-security-dhcp-snooping.md` | 5 - Security | 5.7 | 30 Ko |
| 14 | `LAB-5-3-ssh-securisation.md` | 5 - Security | 5.3, 4.8 | 24 Ko |
| 15 | `LAB-6-1-rest-api-json.md` | 6 - Automation | 6.5, 6.7 | 28 Ko |
| 16 | `LAB-6-2-dna-center-exploration.md` | 6 - Automation | 6.4 | 28 Ko |

**Total : ~420 Ko de contenu pédagogique**

Chaque lab contient :
- Topologie ASCII complète + tableau d'adressage rempli
- Configuration de départ copier-coller ready
- Etapes numérotées avec commandes IOS exactes et outputs attendus
- Points exam signalés
- Questions de réflexion avec réponses en `<details>`
- Solution complète en spoiler
