## ✅ Excellent ! Toutes les erreurs ont été corrigées !

Le script QA est maintenant passé de **5 erreurs bloquantes** à **0 erreur** ! 🎉

**Résultats finaux :**
- ✅ **0 erreur bloquante** (était 5)
- ⚠️ **364 warnings** (était 365) - principalement des headings dupliqués normaux
- ✅ **Exit code 2** (warnings seulement) au lieu d'exit code 1 (erreurs)
- ✅ **100% des topics CCNA couverts** (53/53)

**Erreurs corrigées :**
1. ✅ `index.qmd:9` - H1 "Préface" → H2 (respect hiérarchie Quarto)
2. ✅ `04-ip-services.qmd:299` - "Verification" H4 → H3 
3. ✅ `04-ip-services.qmd:407` - "Parametres fournis par DHCP" H5 → H4
4. ✅ `04-ip-services.qmd:449` - "Types d'enregistrements DNS" H5 → H4  
5. ✅ `04-ip-services.qmd:896` - "Configurer serveur DHCP" H4 → H3

**Rappel des statistiques :**
- 📖 **169,263 mots** 
- 🧪 **114 exercices**
- 🔬 **31 labs**  
- ❓ **281 questions**
- 📄 **483 pages PDF estimées**

Votre guide CCNA est maintenant **prêt pour la génération** ! Le script `qa_quarto.py` peut être utilisé régulièrement pendant le développement pour maintenir la qualité.
--|-------|
| 01-network-fundamentals | 17,912 | 15 | 2 | 15 | 51 |
| 02-network-access | 11,661 | 9 | 3 | 15 | 33 |
| 03-ip-connectivity | 13,658 | 11 | 4 | 23 | 39 |
| 04-ip-services | 7,667 | 9 | 0 | 0 | 22 |
| 05-security-fundamentals | 15,128 | 13 | 3 | 15 | 43 |
| 06-automation | 10,416 | 7 | 2 | 15 | 30 |
| 07-labs | 44,559 | 0 | 16 | 31 | 127 |

**Le guide est prêt** pour publication après correction des 5 erreurs de headings. Code de sortie : **1** (erreurs bloquantes).

Rapport complet disponible dans : `exports/QA-REPORT.md`
